[    0.000000] Initializing cgroup subsys cpuset
[    0.000000] Initializing cgroup subsys cpu
[    0.000000] Initializing cgroup subsys cpuacct
[    0.000000] Linux version 4.4.0-159-generic (buildd@lgw01-amd64-042) (gcc version 5.4.0 20160609 (Ubuntu 5.4.0-6ubuntu1~16.04.10) ) #187-Ubuntu SMP Thu Aug 1 16:28:06 UTC 2019 (Ubuntu 4.4.0-159.187-generic 4.4.185)
[    0.000000] Command line: BOOT_IMAGE=/boot/vmlinuz-4.4.0-159-generic root=LABEL=cloudimg-rootfs ro console=tty1 console=ttyS0
[    0.000000] KERNEL supported cpus:
[    0.000000]   Intel GenuineIntel
[    0.000000]   AMD AuthenticAMD
[    0.000000]   Centaur CentaurHauls
[    0.000000] x86/fpu: xstate_offset[2]:  576, xstate_sizes[2]:  256
[    0.000000] x86/fpu: Supporting XSAVE feature 0x01: 'x87 floating point registers'
[    0.000000] x86/fpu: Supporting XSAVE feature 0x02: 'SSE registers'
[    0.000000] x86/fpu: Supporting XSAVE feature 0x04: 'AVX registers'
[    0.000000] x86/fpu: Enabled xstate features 0x7, context size is 832 bytes, using 'standard' format.
[    0.000000] e820: BIOS-provided physical RAM map:
[    0.000000] BIOS-e820: [mem 0x0000000000000000-0x000000000009fbff] usable
[    0.000000] BIOS-e820: [mem 0x000000000009fc00-0x000000000009ffff] reserved
[    0.000000] BIOS-e820: [mem 0x00000000000f0000-0x00000000000fffff] reserved
[    0.000000] BIOS-e820: [mem 0x0000000000100000-0x000000003ffeffff] usable
[    0.000000] BIOS-e820: [mem 0x000000003fff0000-0x000000003fffffff] ACPI data
[    0.000000] BIOS-e820: [mem 0x00000000fec00000-0x00000000fec00fff] reserved
[    0.000000] BIOS-e820: [mem 0x00000000fee00000-0x00000000fee00fff] reserved
[    0.000000] BIOS-e820: [mem 0x00000000fffc0000-0x00000000ffffffff] reserved
[    0.000000] NX (Execute Disable) protection: active
[    0.000000] SMBIOS 2.5 present.
[    0.000000] Hypervisor detected: KVM
[    0.000000] e820: last_pfn = 0x3fff0 max_arch_pfn = 0x400000000
[    0.000000] MTRR: Disabled
[    0.000000] x86/PAT: MTRRs disabled, skipping PAT initialization too.
[    0.000000] CPU MTRRs all blank - virtualized system.
[    0.000000] x86/PAT: Configuration [0-7]: WB  WT  UC- UC  WB  WT  UC- UC  
[    0.000000] found SMP MP-table at [mem 0x0009fff0-0x0009ffff] mapped at [ffff88000009fff0]
[    0.000000] Scanning 1 areas for low memory corruption
[    0.000000] RAMDISK: [mem 0x362f8000-0x37173fff]
[    0.000000] ACPI: Early table checksum verification disabled
[    0.000000] ACPI: RSDP 0x00000000000E0000 000024 (v02 VBOX  )
[    0.000000] ACPI: XSDT 0x000000003FFF0030 00003C (v01 VBOX   VBOXXSDT 00000001 ASL  00000061)
[    0.000000] ACPI: FACP 0x000000003FFF00F0 0000F4 (v04 VBOX   VBOXFACP 00000001 ASL  00000061)
[    0.000000] ACPI: DSDT 0x000000003FFF0470 0022EA (v02 VBOX   VBOXBIOS 00000002 INTL 20100528)
[    0.000000] ACPI: FACS 0x000000003FFF0200 000040
[    0.000000] ACPI: FACS 0x000000003FFF0200 000040
[    0.000000] ACPI: APIC 0x000000003FFF0240 00005C (v02 VBOX   VBOXAPIC 00000001 ASL  00000061)
[    0.000000] ACPI: SSDT 0x000000003FFF02A0 0001CC (v01 VBOX   VBOXCPUT 00000002 INTL 20100528)
[    0.000000] No NUMA configuration found
[    0.000000] Faking a node at [mem 0x0000000000000000-0x000000003ffeffff]
[    0.000000] NODE_DATA(0) allocated [mem 0x3ffeb000-0x3ffeffff]
[    0.000000] kvm-clock: Using msrs 4b564d01 and 4b564d00
[    0.000000] kvm-clock: cpu 0, msr 0:3ffe3001, primary cpu clock
[    0.000000] kvm-clock: using sched offset of 6397033205 cycles
[    0.000000] clocksource: kvm-clock: mask: 0xffffffffffffffff max_cycles: 0x1cd42e4dffb, max_idle_ns: 881590591483 ns
[    0.000000] Zone ranges:
[    0.000000]   DMA      [mem 0x0000000000001000-0x0000000000ffffff]
[    0.000000]   DMA32    [mem 0x0000000001000000-0x000000003ffeffff]
[    0.000000]   Normal   empty
[    0.000000]   Device   empty
[    0.000000] Movable zone start for each node
[    0.000000] Early memory node ranges
[    0.000000]   node   0: [mem 0x0000000000001000-0x000000000009efff]
[    0.000000]   node   0: [mem 0x0000000000100000-0x000000003ffeffff]
[    0.000000] Initmem setup node 0 [mem 0x0000000000001000-0x000000003ffeffff]
[    0.000000] ACPI: PM-Timer IO Port: 0x4008
[    0.000000] IOAPIC[0]: apic_id 2, version 32, address 0xfec00000, GSI 0-23
[    0.000000] ACPI: INT_SRC_OVR (bus 0 bus_irq 0 global_irq 2 dfl dfl)
[    0.000000] ACPI: INT_SRC_OVR (bus 0 bus_irq 9 global_irq 9 low level)
[    0.000000] Using ACPI (MADT) for SMP configuration information
[    0.000000] smpboot: Allowing 2 CPUs, 0 hotplug CPUs
[    0.000000] PM: Registered nosave memory: [mem 0x00000000-0x00000fff]
[    0.000000] PM: Registered nosave memory: [mem 0x0009f000-0x0009ffff]
[    0.000000] PM: Registered nosave memory: [mem 0x000a0000-0x000effff]
[    0.000000] PM: Registered nosave memory: [mem 0x000f0000-0x000fffff]
[    0.000000] e820: [mem 0x40000000-0xfebfffff] available for PCI devices
[    0.000000] Booting paravirtualized kernel on KVM
[    0.000000] clocksource: refined-jiffies: mask: 0xffffffff max_cycles: 0xffffffff, max_idle_ns: 7645519600211568 ns
[    0.000000] setup_percpu: NR_CPUS:512 nr_cpumask_bits:512 nr_cpu_ids:2 nr_node_ids:1
[    0.000000] PERCPU: Embedded 34 pages/cpu @ffff88003fc00000 s99544 r8192 d31528 u1048576
[    0.000000] Built 1 zonelists in Node order, mobility grouping on.  Total pages: 257912
[    0.000000] Policy zone: DMA32
[    0.000000] Kernel command line: BOOT_IMAGE=/boot/vmlinuz-4.4.0-159-generic root=LABEL=cloudimg-rootfs ro console=tty1 console=ttyS0
[    0.000000] PID hash table entries: 4096 (order: 3, 32768 bytes)
[    0.000000] Memory: 997724K/1048120K available (8618K kernel code, 1335K rwdata, 4032K rodata, 1488K init, 1284K bss, 50396K reserved, 0K cma-reserved)
[    0.000000] SLUB: HWalign=64, Order=0-3, MinObjects=0, CPUs=2, Nodes=1
[    0.000000] Kernel/User page tables isolation: enabled
[    0.000000] Hierarchical RCU implementation.
[    0.000000] 	Build-time adjustment of leaf fanout to 64.
[    0.000000] 	RCU restricting CPUs from NR_CPUS=512 to nr_cpu_ids=2.
[    0.000000] RCU: Adjusting geometry for rcu_fanout_leaf=64, nr_cpu_ids=2
[    0.000000] NR_IRQS:33024 nr_irqs:440 16
[    0.000000] Console: colour VGA+ 80x25
[    0.000000] console [tty1] enabled
[    0.000000] console [ttyS0] enabled
[    0.000000] tsc: Detected 2699.998 MHz processor
[    0.413615] Calibrating delay loop (skipped) preset value.. 5399.99 BogoMIPS (lpj=10799992)
[    0.419917] pid_max: default: 32768 minimum: 301
[    0.423591] ACPI: Core revision 20150930
[    0.428169] ACPI: 2 ACPI AML tables successfully acquired and loaded
[    0.431432] Security Framework initialized
[    0.433315] Yama: becoming mindful.
[    0.434472] AppArmor: AppArmor initialized
[    0.435730] Dentry cache hash table entries: 131072 (order: 8, 1048576 bytes)
[    0.443120] Inode-cache hash table entries: 65536 (order: 7, 524288 bytes)
[    0.445220] Mount-cache hash table entries: 2048 (order: 2, 16384 bytes)
[    0.448331] Mountpoint-cache hash table entries: 2048 (order: 2, 16384 bytes)
[    0.452402] Initializing cgroup subsys io
[    0.457422] Initializing cgroup subsys memory
[    0.461301] Initializing cgroup subsys devices
[    0.466781] Initializing cgroup subsys freezer
[    0.473007] Initializing cgroup subsys net_cls
[    0.474968] Initializing cgroup subsys perf_event
[    0.477353] Initializing cgroup subsys net_prio
[    0.479293] Initializing cgroup subsys hugetlb
[    0.482392] Initializing cgroup subsys pids
[    0.485608] mce: CPU supports 0 MCE banks
[    0.491536] Last level iTLB entries: 4KB 64, 2MB 8, 4MB 8
[    0.493620] Last level dTLB entries: 4KB 64, 2MB 0, 4MB 0, 1GB 4
[    0.495807] Spectre V1 : Mitigation: usercopy/swapgs barriers and __user pointer sanitization
[    0.499751] Spectre V2 : Mitigation: Full generic retpoline
[    0.506039] Spectre V2 : Spectre v2 / SpectreRSB mitigation: Filling RSB on context switch
[    0.511914] Speculative Store Bypass: Vulnerable
[    0.515900] MDS: Mitigation: Clear CPU buffers
[    0.527926] Freeing SMP alternatives memory: 36K
[    0.541547] ftrace: allocating 32318 entries in 127 pages
[    0.659528] smpboot: APIC(0) Converting physical 0 to logical package 0
[    0.663257] smpboot: Max logical packages: 1
[    0.667881] x2apic enabled
[    0.671516] Switched APIC routing to physical x2apic.
[    0.678982] ..TIMER: vector=0x30 apic1=0 pin1=2 apic2=-1 pin2=-1
[    0.787887] smpboot: CPU0: Intel(R) Core(TM) i5-5257U CPU @ 2.70GHz (family: 0x6, model: 0x3d, stepping: 0x4)
[    0.795171] Performance Events: unsupported p6 CPU model 61 no PMU driver, software events only.
[    0.814637] KVM setup paravirtual spinlock
[    0.821789] x86: Booting SMP configuration:
[    0.823828] .... node  #0, CPUs:      #1
[    0.826018] kvm-clock: cpu 1, msr 0:3ffe3041, secondary cpu clock
[    0.829251] mce: CPU supports 0 MCE banks
[    0.832782] x86: Booted up 1 node, 2 CPUs
[    0.835603] smpboot: Total of 2 processors activated (10799.99 BogoMIPS)
[    0.840957] devtmpfs: initialized
[    0.844205] evm: security.selinux
[    0.845784] evm: security.SMACK64
[    0.847652] evm: security.SMACK64EXEC
[    0.849338] evm: security.SMACK64TRANSMUTE
[    0.851350] evm: security.SMACK64MMAP
[    0.855012] evm: security.ima
[    0.857023] evm: security.capability
[    0.859907] clocksource: jiffies: mask: 0xffffffff max_cycles: 0xffffffff, max_idle_ns: 7645041785100000 ns
[    0.864838] futex hash table entries: 512 (order: 3, 32768 bytes)
[    0.867671] pinctrl core: initialized pinctrl subsystem
[    0.871890] RTC time:  7:03:44, date: 10/13/19
[    0.874168] NET: Registered protocol family 16
[    0.888025] cpuidle: using governor ladder
[    0.899578] cpuidle: using governor menu
[    0.901448] PCCT header not found.
[    0.902883] ACPI: bus type PCI registered
[    0.906505] acpiphp: ACPI Hot Plug PCI Controller Driver version: 0.5
[    0.913378] PCI: Using configuration type 1 for base access
[    0.929168] ACPI: Added _OSI(Module Device)
[    0.931470] ACPI: Added _OSI(Processor Device)
[    0.936585] ACPI: Added _OSI(3.0 _SCP Extensions)
[    0.939487] ACPI: Added _OSI(Processor Aggregator Device)
[    0.943803] ACPI: Executed 1 blocks of module-level executable AML code
[    0.949947] ACPI: Interpreter enabled
[    0.951943] ACPI: (supports S0 S5)
[    0.956080] ACPI: Using IOAPIC for interrupt routing
[    0.959958] PCI: Using host bridge windows from ACPI; if necessary, use "pci=nocrs" and report a bug
[    0.974772] ACPI: PCI Root Bridge [PCI0] (domain 0000 [bus 00-ff])
[    0.977343] acpi PNP0A03:00: _OSC: OS supports [ASPM ClockPM Segments MSI]
[    0.987845] acpi PNP0A03:00: _OSC: not requesting OS control; OS requires [ExtendedConfig ASPM ClockPM MSI]
[    0.999136] acpi PNP0A03:00: fail to add MMCONFIG information, can't access extended PCI configuration space under this bridge.
[    1.012865] PCI host bridge to bus 0000:00
[    1.023153] pci_bus 0000:00: root bus resource [io  0x0000-0x0cf7 window]
[    1.042855] pci_bus 0000:00: root bus resource [io  0x0d00-0xffff window]
[    1.066792] pci_bus 0000:00: root bus resource [mem 0x000a0000-0x000bffff window]
[    1.079839] pci_bus 0000:00: root bus resource [mem 0x40000000-0xfdffffff window]
[    1.093844] pci_bus 0000:00: root bus resource [bus 00-ff]
[    1.114133] pci 0000:00:01.1: legacy IDE quirk: reg 0x10: [io  0x01f0-0x01f7]
[    1.125446] pci 0000:00:01.1: legacy IDE quirk: reg 0x14: [io  0x03f6]
[    1.138462] pci 0000:00:01.1: legacy IDE quirk: reg 0x18: [io  0x0170-0x0177]
[    1.148282] pci 0000:00:01.1: legacy IDE quirk: reg 0x1c: [io  0x0376]
[    1.242073] pci 0000:00:07.0: quirk: [io  0x4000-0x403f] claimed by PIIX4 ACPI
[    1.245222] pci 0000:00:07.0: quirk: [io  0x4100-0x410f] claimed by PIIX4 SMB
[    1.272826] ACPI: PCI Interrupt Link [LNKA] (IRQs 5 9 10 *11)
[    1.282592] ACPI: PCI Interrupt Link [LNKB] (IRQs 5 9 *10 11)
[    1.292840] ACPI: PCI Interrupt Link [LNKC] (IRQs 5 *9 10 11)
[    1.305164] ACPI: PCI Interrupt Link [LNKD] (IRQs 5 9 10 *11)
[    1.314532] ACPI: Enabled 2 GPEs in block 00 to 07
[    1.323488] vgaarb: setting as boot device: PCI:0000:00:02.0
[    1.325827] vgaarb: device added: PCI:0000:00:02.0,decodes=io+mem,owns=io+mem,locks=none
[    1.332997] vgaarb: loaded
[    1.336033] vgaarb: bridge control possible 0000:00:02.0
[    1.348776] SCSI subsystem initialized
[    1.357562] ACPI: bus type USB registered
[    1.360278] usbcore: registered new interface driver usbfs
[    1.363114] usbcore: registered new interface driver hub
[    1.367067] usbcore: registered new device driver usb
[    1.375118] PCI: Using ACPI for IRQ routing
[    1.378483] NetLabel: Initializing
[    1.382864] NetLabel:  domain hash size = 128
[    1.385163] NetLabel:  protocols = UNLABELED CIPSOv4
[    1.391869] NetLabel:  unlabeled traffic allowed by default
[    1.399713] amd_nb: Cannot enumerate AMD northbridges
[    1.408066] clocksource: Switched to clocksource kvm-clock
[    1.424398] AppArmor: AppArmor Filesystem Enabled
[    1.426008] pnp: PnP ACPI init
[    1.428575] pnp: PnP ACPI: found 3 devices
[    1.453606] clocksource: acpi_pm: mask: 0xffffff max_cycles: 0xffffff, max_idle_ns: 2085701024 ns
[    1.456843] NET: Registered protocol family 2
[    1.460996] TCP established hash table entries: 8192 (order: 4, 65536 bytes)
[    1.471675] TCP bind hash table entries: 8192 (order: 5, 131072 bytes)
[    1.477898] TCP: Hash tables configured (established 8192 bind 8192)
[    1.480894] UDP hash table entries: 512 (order: 2, 16384 bytes)
[    1.483814] UDP-Lite hash table entries: 512 (order: 2, 16384 bytes)
[    1.489166] NET: Registered protocol family 1
[    1.491283] pci 0000:00:00.0: Limiting direct PCI/PCI transfers
[    1.494464] pci 0000:00:01.0: Activating ISA DMA hang workarounds
[    1.497419] Unpacking initramfs...
[    1.801929] Freeing initrd memory: 14832K
[    1.805314] RAPL PMU detected, API unit is 2^-32 Joules, 4 fixed counters 10737418240 ms ovfl timer
[    1.810513] hw unit of domain pp0-core 2^-0 Joules
[    1.813371] hw unit of domain package 2^-0 Joules
[    1.815783] hw unit of domain dram 2^-0 Joules
[    1.824019] hw unit of domain pp1-gpu 2^-0 Joules
[    1.826535] clocksource: tsc: mask: 0xffffffffffffffff max_cycles: 0x26eb3cc21a9, max_idle_ns: 440795299783 ns
[    1.831145] platform rtc_cmos: registered platform RTC device (no PNP device found)
[    1.837422] Scanning for low memory corruption every 60 seconds
[    1.841791] audit: initializing netlink subsys (disabled)
[    1.844245] audit: type=2000 audit(1570950232.296:1): initialized
[    1.848335] Initialise system trusted keyring
[    1.850710] HugeTLB registered 2 MB page size, pre-allocated 0 pages
[    1.858368] zbud: loaded
[    1.861125] VFS: Disk quotas dquot_6.6.0
[    1.863215] VFS: Dquot-cache hash table entries: 512 (order 0, 4096 bytes)
[    1.869123] squashfs: version 4.0 (2009/01/31) Phillip Lougher
[    1.874244] fuse init (API version 7.23)
[    1.878126] Key type big_key registered
[    1.881794] Allocating IMA MOK and blacklist keyrings.
[    1.889512] Key type asymmetric registered
[    1.892611] Asymmetric key parser 'x509' registered
[    1.896446] Block layer SCSI generic (bsg) driver version 0.4 loaded (major 249)
[    1.901852] io scheduler noop registered
[    1.906140] io scheduler deadline registered (default)
[    1.910004] io scheduler cfq registered
[    1.913357] pci_hotplug: PCI Hot Plug PCI Core version: 0.5
[    1.915678] pciehp: PCI Express Hot Plug Controller Driver version: 0.4
[    1.922728] ACPI: AC Adapter [AC] (on-line)
[    1.925235] input: Power Button as /devices/LNXSYSTM:00/LNXPWRBN:00/input/input0
[    1.930159] ACPI: Power Button [PWRF]
[    1.931423] input: Sleep Button as /devices/LNXSYSTM:00/LNXSLPBN:00/input/input1
[    1.934601] ACPI: Sleep Button [SLPF]
[    1.939531] ACPI: Battery Slot [BAT0] (battery present)
[    1.941534] GHES: HEST is not enabled!
[    1.942783] Serial: 8250/16550 driver, 32 ports, IRQ sharing enabled
[    1.969201] 00:02: ttyS0 at I/O 0x3f8 (irq = 4, base_baud = 115200) is a 16550A
[    1.977225] Linux agpgart interface v0.103
[    1.982092] loop: module loaded
[    1.984140] scsi host0: ata_piix
[    1.985491] scsi host1: ata_piix
[    1.987688] ata1: PATA max UDMA/33 cmd 0x1f0 ctl 0x3f6 bmdma 0xd000 irq 14
[    1.990277] ata2: PATA max UDMA/33 cmd 0x170 ctl 0x376 bmdma 0xd008 irq 15
[    1.993662] libphy: Fixed MDIO Bus: probed
[    1.995459] tun: Universal TUN/TAP device driver, 1.6
[    1.997873] tun: (C) 1999-2004 Max Krasnyansky <maxk@qualcomm.com>
[    2.001089] PPP generic driver version 2.4.2
[    2.003022] ehci_hcd: USB 2.0 'Enhanced' Host Controller (EHCI) Driver
[    2.006305] ehci-pci: EHCI PCI platform driver
[    2.008771] ehci-platform: EHCI generic platform driver
[    2.010971] ohci_hcd: USB 1.1 'Open' Host Controller (OHCI) Driver
[    2.013853] ohci-pci: OHCI PCI platform driver
[    2.016314] ohci-platform: OHCI generic platform driver
[    2.019653] uhci_hcd: USB Universal Host Controller Interface driver
[    2.023611] i8042: PNP: PS/2 Controller [PNP0303:PS2K,PNP0f03:PS2M] at 0x60,0x64 irq 1,12
[    2.028207] serio: i8042 KBD port at 0x60,0x64 irq 1
[    2.030470] serio: i8042 AUX port at 0x60,0x64 irq 12
[    2.032753] mousedev: PS/2 mouse device common for all mice
[    2.036223] rtc_cmos rtc_cmos: rtc core: registered rtc_cmos as rtc0
[    2.040785] rtc_cmos rtc_cmos: alarms up to one day, 114 bytes nvram
[    2.045468] input: AT Translated Set 2 keyboard as /devices/platform/i8042/serio0/input/input2
[    2.050517] i2c /dev entries driver
[    2.053604] device-mapper: uevent: version 1.0.3
[    2.057954] device-mapper: ioctl: 4.34.0-ioctl (2015-10-28) initialised: dm-devel@redhat.com
[    2.062941] ledtrig-cpu: registered to indicate activity on CPUs
[    2.069071] NET: Registered protocol family 10
[    2.072199] NET: Registered protocol family 17
[    2.074365] Key type dns_resolver registered
[    2.077170] registered taskstats version 1
[    2.079537] Loading compiled-in X.509 certificates
[    2.082263] Loaded X.509 cert 'Build time autogenerated kernel key: d14182f9795b80ec340f636a5a08bf5817ccd8e7'
[    2.087305] zswap: loaded using pool lzo/zbud
[    2.092254] Key type trusted registered
[    2.099878] Key type encrypted registered
[    2.102705] AppArmor: AppArmor sha1 policy hashing enabled
[    2.106101] ima: No TPM chip found, activating TPM-bypass!
[    2.108425] ima: Allocated hash algorithm: sha1
[    2.110020] evm: HMAC attrs: 0x1
[    2.112401]   Magic number: 7:255:66
[    2.114912] rtc_cmos rtc_cmos: setting system clock to 2019-10-13 07:03:45 UTC (1570950225)
[    2.119506] BIOS EDD facility v0.16 2004-Jun-25, 0 devices found
[    2.124401] EDD information not available.
[    2.154255] Freeing unused kernel memory: 1488K
[    2.156018] Write protecting the kernel read-only data: 14336k
[    2.158692] Freeing unused kernel memory: 1608K
[    2.160724] Freeing unused kernel memory: 64K
Loading, please wait...
starting version 229
[    2.185248] random: systemd-udevd: uninitialized urandom read (16 bytes read, 5 bits of entropy available)
[    2.186726] random: udevadm: uninitialized urandom read (16 bytes read, 5 bits of entropy available)
[    2.186760] random: udevadm: uninitialized urandom read (16 bytes read, 5 bits of entropy available)
[    2.199541] random: systemd-udevd: uninitialized urandom read (16 bytes read, 5 bits of entropy available)
[    2.201504] random: udevadm: uninitialized urandom read (16 bytes read, 5 bits of entropy available)
[    2.201572] random: udevadm: uninitialized urandom read (16 bytes read, 5 bits of entropy available)
[    2.201796] random: udevadm: uninitialized urandom read (16 bytes read, 5 bits of entropy available)
[    2.201867] random: udevadm: uninitialized urandom read (16 bytes read, 5 bits of entropy available)
[    2.201956] random: udevadm: uninitialized urandom read (16 bytes read, 5 bits of entropy available)
[    2.202030] random: udevadm: uninitialized urandom read (16 bytes read, 5 bits of entropy available)
[    2.317239] e1000: Intel(R) PRO/1000 Network Driver - version 7.3.21-k8-NAPI
[    2.322893] e1000: Copyright (c) 1999-2006 Intel Corporation.
[    2.371576] Fusion MPT base driver 3.04.20
[    2.374506] Copyright (c) 1999-2008 LSI Corporation
[    2.410434] Fusion MPT SPI Host driver 3.04.20
[    2.424582] AVX2 version of gcm_enc/dec engaged.
[    2.429576] AES CTR mode by8 optimization enabled
[    2.577834] input: ImExPS/2 Generic Explorer Mouse as /devices/platform/i8042/serio1/input/input4
[    2.960870] e1000 0000:00:03.0 eth0: (PCI:33MHz:32-bit) 02:6a:5b:40:72:6f
[    2.963106] e1000 0000:00:03.0 eth0: Intel(R) PRO/1000 Network Connection
[    2.966881] mptbase: ioc0: Initiating bringup
[    3.029275] ioc0: LSI53C1030 A0: Capabilities={Initiator}
[    3.196287] scsi host2: ioc0: LSI53C1030 A0, FwRev=00000000h, Ports=1, MaxQ=256, IRQ=20
[    3.310059] scsi 2:0:0:0: Direct-Access     VBOX     HARDDISK         1.0  PQ: 0 ANSI: 5
[    3.313763] scsi target2:0:0: Beginning Domain Validation
[    3.316654] scsi target2:0:0: Domain Validation skipping write tests
[    3.318854] scsi target2:0:0: Ending Domain Validation
[    3.322514] scsi target2:0:0: asynchronous
[    3.324978] scsi 2:0:1:0: Direct-Access     VBOX     HARDDISK         1.0  PQ: 0 ANSI: 5
[    3.340759] scsi target2:0:1: Beginning Domain Validation
[    3.345345] scsi target2:0:1: Domain Validation skipping write tests
[    3.348771] scsi target2:0:1: Ending Domain Validation
[    3.356631] scsi target2:0:1: asynchronous
[    3.373265] sd 2:0:0:0: Attached scsi generic sg0 type 0
[    3.375546] sd 2:0:0:0: [sda] 20971520 512-byte logical blocks: (10.7 GB/10.0 GiB)
[    3.379116] sd 2:0:1:0: [sdb] 20480 512-byte logical blocks: (10.5 MB/10.0 MiB)
[    3.382203] sd 2:0:1:0: Attached scsi generic sg1 type 0
[    3.387171] sd 2:0:0:0: [sda] Write Protect is off
[    3.390235] sd 2:0:1:0: [sdb] Write Protect is off
[    3.392492] sd 2:0:0:0: [sda] Incomplete mode parameter data
[    3.394120] sd 2:0:0:0: [sda] Assuming drive cache: write through
[    3.395991] sd 2:0:1:0: [sdb] Incomplete mode parameter data
[    3.398264] sd 2:0:1:0: [sdb] Assuming drive cache: write through
[    3.404273]  sda: sda1
[    3.407389] sd 2:0:0:0: [sda] Attached SCSI disk
[    3.409373] sd 2:0:1:0: [sdb] Attached SCSI disk
[    3.926642] e1000 0000:00:08.0 eth1: (PCI:33MHz:32-bit) 08:00:27:a9:2d:9e
[    3.929440] e1000 0000:00:08.0 eth1: Intel(R) PRO/1000 Network Connection
[    3.933302] e1000 0000:00:08.0 enp0s8: renamed from eth1
[    3.963360] e1000 0000:00:03.0 enp0s3: renamed from eth0
Begin: Loading essential drivers ... [    5.328946] md: linear personality registered for level -1
[    5.333583] md: multipath personality registered for level -4
[    5.339774] md: raid0 personality registered for level 0
[    5.346668] md: raid1 personality registered for level 1
[    5.420287] raid6: sse2x1   gen()  8158 MB/s
[    5.488600] raid6: sse2x1   xor()  6509 MB/s
[    5.560501] raid6: sse2x2   gen()  9118 MB/s
[    5.628528] raid6: sse2x2   xor()  6451 MB/s
[    5.696219] raid6: sse2x4   gen() 11033 MB/s
[    5.767080] raid6: sse2x4   xor()  7855 MB/s
[    5.844671] raid6: avx2x1   gen() 15057 MB/s
[    5.912154] raid6: avx2x2   gen() 15833 MB/s
[    5.980209] raid6: avx2x4   gen() 10225 MB/s
[    5.982633] raid6: using algorithm avx2x2 gen() 15833 MB/s
[    5.985791] raid6: using avx2x2 recovery algorithm
[    5.994199] xor: automatically using best checksumming function:
[    6.036174]    avx       : 25944.000 MB/sec
[    6.041207] async_tx: api initialized (async)
[    6.057351] md: raid6 personality registered for level 6
[    6.059626] md: raid5 personality registered for level 5
[    6.061807] md: raid4 personality registered for level 4
[    6.074277] md: raid10 personality registered for level 10
done.
Begin: Running /scripts/init-premount ... done.
Begin: Mounting root file system ... Begin: Running /scripts/local-top ... done.
Begin: Running /scripts/local-premount ... [    6.118025] Btrfs loaded
Scanning for Btrfs filesystems
done.
Warning: fsck not present, so skipping root file system
[    6.186132] EXT4-fs (sda1): mounted filesystem with ordered data mode. Opts: (null)
done.
Begin: Running /scripts/local-bottom ... done.
Begin: Running /scripts/init-bottom ... done.
[    6.396202] systemd[1]: systemd 229 running in system mode. (+PAM +AUDIT +SELINUX +IMA +APPARMOR +SMACK +SYSVINIT +UTMP +LIBCRYPTSETUP +GCRYPT +GNUTLS +ACL +XZ -LZ4 +SECCOMP +BLKID +ELFUTILS +KMOD -IDN)
[    6.401864] systemd[1]: Detected virtualization oracle.
[    6.403671] systemd[1]: Detected architecture x86-64.

Welcome to [1mUbuntu 16.04.6 LTS[0m!

[    6.595364] systemd[1]: Set hostname to <ubuntu>.
[    6.601279] systemd[1]: Initializing machine ID from random generator.
[    6.603585] systemd[1]: Installed transient /etc/machine-id file.
[    7.230404] systemd[1]: Reached target System Time Synchronized.
[[0;32m  OK  [0m] Reached target System Time Synchronized.
[    7.234493] systemd[1]: Listening on Journal Socket.
[[0;32m  OK  [0m] Listening on Journal Socket.
[    7.238069] systemd[1]: Created slice User and Session Slice.
[[0;32m  OK  [0m] Created slice User and Session Slice.
[    7.567711] systemd[1]: Listening on udev Kernel Socket.
[[0;32m  OK  [0m] Listening on udev Kernel Socket.
[    7.572554] systemd[1]: Created slice System Slice.
[[0;32m  OK  [0m] Created slice System Slice.
[    7.588655] systemd[1]: Mounting Debug File System...
         Mounting Debug File System...
[    7.593616] systemd[1]: Starting Nameserver information manager...
         Starting Nameserver information manager...
[    7.599624] systemd[1]: Reached target Encrypted Volumes.
[[0;32m  OK  [0m] Reached target Encrypted Volumes.
[    7.609335] systemd[1]: Starting Load Kernel Modules...
         Starting Load Kernel Modules...
[    7.612986] systemd[1]: Reached target Slices.
[[0;32m  OK  [0m] Reached target Slices.
[    7.615995] systemd[1]: Reached target Swap.
[[0;32m  OK  [0m] Reached target Swap.
[    7.624315] systemd[1]: Listening on Syslog Socket.
[[0;32m  OK  [0m] Listening on Syslog Socket.
[    7.628432] systemd[1]: Mounting Huge Pages File System...
         Mounting Huge Pages File System...
[    7.635339] systemd[1]: Started Forward Password Requests to Wall Directory Watch.
[    7.639685] Loading iSCSI transport class v2.0-870.
[[0;32m  OK  [0m] Started Forward Password Requests to Wall Directory Watch.
[    7.643323] systemd[1]: Listening on Journal Audit Socket.
[[0;32m  OK  [0m] Listening on Journal Audit Socket.
[    7.646850] systemd[1]: Listening on /dev/initctl Compatibility Named Pipe.
[[0;32m  OK  [0m] Listening on /dev/initctl Compatibility Named Pipe.
[    7.651659] systemd[1]: Reached target User and Group Name Lookups.
[[0;32m  OK  [0m] Reached target User and Group Name Lookups.
[    7.657424] systemd[1]: Listening on udev Control Socket.
[    7.659799] iscsi: registered transport (tcp)
[[0;32m  OK  [0m] Listening on udev Control Socket.
[    7.663546] systemd[1]: Starting Remount Root and Kernel File Systems...
         Starting Remount Root and Kernel File Systems...
[    7.669408] systemd[1]: Mounting POSIX Message Queue File System...
         Mounting POSIX Message Queue File System...
[    7.674426] EXT4-fs (sda1): re-mounted. Opts: (null)
[    7.674516] systemd[1]: Listening on Journal Socket (/dev/log).
[[0;32m  OK  [0m] Listening on Journal Socket (/dev/log).
[    7.681327] systemd[1]: Started Trigger resolvconf update for networkd DNS.
[[0;32m  OK  [0m] Started Trigger resolvconf update for networkd DNS.
[    7.688101] systemd[1]: Starting Uncomplicated firewall...
         Starting Uncomplicated firewall...
[    7.694258] systemd[1]: Starting Set console keymap...
         Starting Set console keymap...
[    7.705429] systemd[1]: Listening on LVM2 poll daemon socket.
[[0;32m  OK  [0m] Listening on LVM2 poll daemon socket.
[    7.729903] iscsi: registered transport (iser)
[    7.732363] systemd[1]: Starting Create list of required static device nodes for the current kernel...
         Starting Create list of required st... nodes for the current kernel...
[    7.739644] systemd[1]: Set up automount Arbitrary Executable File Formats File System Automount Point.
[[0;32m  OK  [0m] Set up automount Arbitrary Executab...ats File System Automount Point.
[    7.749214] systemd[1]: Listening on Device-mapper event daemon FIFOs.
[[0;32m  OK  [0m] Listening on Device-mapper event daemon FIFOs.
[    7.755362] systemd[1]: Starting Journal Service...
[    7.758623] random: nonblocking pool is initialized
         Starting Journal Service...
[    7.768860] systemd[1]: Created slice system-serial\x2dgetty.slice.
[[0;32m  OK  [0m] Created slice system-serial\x2dgetty.slice.
[    7.780523] systemd[1]: Listening on LVM2 metadata daemon socket.
[[0;32m  OK  [0m] Listening on LVM2 metadata daemon socket.
[    7.801440] systemd[1]: Starting Monitoring of LVM2 mirrors, snapshots etc. using dmeventd or progress polling...
         Starting Monitoring of LVM2 mirrors... dmeventd or progress polling...
[    7.809987] systemd[1]: Mounted Huge Pages File System.
[[0;32m  OK  [0m] Mounted Huge Pages File System.
[    7.813812] systemd[1]: Mounted POSIX Message Queue File System.
[[0;32m  OK  [0m] Mounted POSIX Message Queue File System.
[    7.818124] systemd[1]: Mounted Debug File System.
[[0;32m  OK  [0m] Mounted Debug File System.
[    7.822942] systemd[1]: Started Journal Service.
[[0;32m  OK  [0m] Started Journal Service.
[[0;32m  OK  [0m] Started Load Kernel Modules.
[[0;32m  OK  [0m] Started Remount Root and Kernel File Systems.
[[0;32m  OK  [0m] Started Uncomplicated firewall.
[[0;32m  OK  [0m] Started Set console keymap.
[[0;32m  OK  [0m] Started Create list of required sta...ce nodes for the current kernel.
[[0;32m  OK  [0m] Started Nameserver information manager.
[[0;32m  OK  [0m] Started LVM2 metadata daemon.
         Starting Create Static Device Nodes in /dev...
         Starting Load/Save Random Seed...
         Starting udev Coldplug all Devices...
         Mounting FUSE Control File System...
         Starting Apply Kernel Variables...
         Starting Flush Journal to Persistent Storage...
[[0;32m  OK  [0m] Mounted FUSE Control File System.
[[0;32m  OK  [0m] Started Load/Save Random Seed.
[[0;32m  OK  [0m] Started Create Static Device Nodes in /dev.
[[0;32m  OK  [0m] Started Apply Kernel Variables.
[[0;32m  OK  [0m] Started udev Coldplug all Devices.
[[0;32m  OK  [0m] Started Flush Journal to Persistent Storage.
         Starting udev Kernel Device Manager...
[[0;32m  OK  [0m] Started udev Kernel Device Manager.
[[0;32m  OK  [0m] Started Dispatch Password Requests to Console Directory Watch.
[[0;32m  OK  [0m] Found device /dev/ttyS0.
[[0;32m  OK  [0m] Listening on Load/Save RF Kill Switch Status /dev/rfkill Watch.
[[0;32m  OK  [0m] Started Monitoring of LVM2 mirrors,...ng dmeventd or progress polling.
[[0;32m  OK  [0m] Reached target Local File Systems (Pre).
[[0;32m  OK  [0m] Reached target Local File Systems.
         Starting Initial cloud-init job (pre-networking)...
         Starting LSB: AppArmor initialization...
         Starting Commit a transient machine-id on disk...
         Starting Tell Plymouth To Write Out Runtime Data...
         Starting Set console font and keymap...
         Starting Create Volatile Files and Directories...
[[0;32m  OK  [0m] Started Commit a transient machine-id on disk.
[[0;32m  OK  [0m] Started Tell Plymouth To Write Out Runtime Data.
[[0;32m  OK  [0m] Started Create Volatile Files and Directories.
         Starting Update UTMP about System Boot/Shutdown...
[[0;32m  OK  [0m] Started Update UTMP about System Boot/Shutdown.
[[0;32m  OK  [0m] Started Set console font and keymap.
[[0;32m  OK  [0m] Created slice system-getty.slice.
[   10.292415] cloud-init[535]: Cloud-init v. 19.1-1-gbaa47854-0ubuntu1~16.04.1 running 'init-local' at Sun, 13 Oct 2019 07:03:53 +0000. Up 9.58 seconds.
[[0;32m  OK  [0m] Started LSB: AppArmor initialization.
[[0;32m  OK  [0m] Started Initial cloud-init job (pre-networking).
[[0;32m  OK  [0m] Reached target Network (Pre).
         Starting Raise network interfaces...
[[0;32m  OK  [0m] Started Raise network interfaces.
[[0;32m  OK  [0m] Reached target Network.
         Starting Initial cloud-init job (metadata service crawler)...
[   12.156445] cloud-init[970]: Cloud-init v. 19.1-1-gbaa47854-0ubuntu1~16.04.1 running 'init' at Sun, 13 Oct 2019 07:03:55 +0000. Up 11.06 seconds.
[   12.160790] cloud-init[970]: ci-info: ++++++++++++++++++++++++++++++++++++++Net device info+++++++++++++++++++++++++++++++++++++++
[   12.165733] cloud-init[970]: ci-info: +--------+-------+----------------------------+---------------+--------+-------------------+
[   12.169731] cloud-init[970]: ci-info: | Device |   Up  |          Address           |      Mask     | Scope  |     Hw-Address    |
[   12.173264] cloud-init[970]: ci-info: +--------+-------+----------------------------+---------------+--------+-------------------+
[   12.181298] cloud-init[970]: ci-info: | enp0s3 |  True |         10.0.2.15          | 255.255.255.0 | global | 02:6a:5b:40:72:6f |
[   12.187719] cloud-init[970]: ci-info: | enp0s3 |  True | fe80::6a:5bff:fe40:726f/64 |       .       |  link  | 02:6a:5b:40:72:6f |
[   12.200422] cloud-init[970]: ci-info: | enp0s8 | False |             .              |       .       |   .    | 08:00:27:a9:2d:9e |
[   12.204603] cloud-init[970]: ci-info: |   lo   |  True |         127.0.0.1          |   255.0.0.0   |  host  |         .         |
[   12.208327] cloud-init[970]: ci-info: |   lo   |  True |          ::1/128           |       .       |  host  |         .         |
[   12.216500] cloud-init[970]: ci-info: +--------+-------+----------------------------+---------------+--------+-------------------+
[   12.220763] cloud-init[970]: ci-info: +++++++++++++++++++++++++++Route IPv4 info++++++++++++++++++++++++++++
[   12.225049] cloud-init[970]: ci-info: +-------+-------------+----------+---------------+-----------+-------+
[   12.228263] cloud-init[970]: ci-info: | Route | Destination | Gateway  |    Genmask    | Interface | Flags |
[   12.232016] cloud-init[970]: ci-info: +-------+-------------+----------+---------------+-----------+-------+
[   12.235054] cloud-init[970]: ci-info: |   0   |   0.0.0.0   | 10.0.2.2 |    0.0.0.0    |   enp0s3  |   UG  |
[   12.237702] cloud-init[970]: ci-info: |   1   |   10.0.2.0  | 0.0.0.0  | 255.255.255.0 |   enp0s3  |   U   |
[   12.240989] cloud-init[970]: ci-info: +-------+-------------+----------+---------------+-----------+-------+
[   12.243722] cloud-init[970]: ci-info: +++++++++++++++++++Route IPv6 info+++++++++++++++++++
[   12.246288] cloud-init[970]: ci-info: +-------+-------------+---------+-----------+-------+
[   12.249335] cloud-init[970]: ci-info: | Route | Destination | Gateway | Interface | Flags |
[   12.253192] cloud-init[970]: ci-info: +-------+-------------+---------+-----------+-------+
[   12.255867] cloud-init[970]: ci-info: |   0   |  fe80::/64  |    ::   |   enp0s3  |   U   |
[   12.258978] cloud-init[970]: ci-info: |   3   |   ff00::/8  |    ::   |   enp0s3  |   U   |
[   12.261432] cloud-init[970]: ci-info: +-------+-------------+---------+-----------+-------+
[   12.264846] cloud-init[970]: Generating public/private rsa key pair.
[   12.267639] cloud-init[970]: Your identification has been saved in /etc/ssh/ssh_host_rsa_key.
[   12.270510] cloud-init[970]: Your public key has been saved in /etc/ssh/ssh_host_rsa_key.pub.
[   12.273500] cloud-init[970]: The key fingerprint is:
[   12.275991] cloud-init[970]: SHA256:aP0dMNkh5tE6gQjjtYs5j1ncexye9hMbD07dB7y+e7k root@ubuntu-xenial
[   12.285882] cloud-init[970]: The key's randomart image is:
[   12.288040] cloud-init[970]: +---[RSA 2048]----+
[   12.289946] cloud-init[970]: |    o... .+..    |
[   12.296851] cloud-init[970]: |   . o...o.=..   |
[   12.299055] cloud-init[970]: |    . .   =o..   |
[   12.300776] cloud-init[970]: |     + =  oo  o  |
[   12.302456] cloud-init[970]: |    + * S .... + |
[   12.304270] cloud-init[970]: |     B   = +=.o o|
[   12.306711] cloud-init[970]: |    o . . Bo.B  o|
[   12.309112] cloud-init[970]: |         o .+ o..|
[   12.317279] cloud-init[970]: |            ..oE.|
[   12.318768] cloud-init[970]: +----[SHA256]-----+
[   12.320852] cloud-init[970]: Generating public/private dsa key pair.
[   12.322897] cloud-init[970]: Your identification has been saved in /etc/ssh/ssh_host_dsa_key.
[   12.325627] cloud-init[970]: Your public key has been saved in /etc/ssh/ssh_host_dsa_key.pub.
[   12.328554] cloud-init[970]: The key fingerprint is:
[[0;32m  OK  [0m] Started Initial cloud-init job (metadata service crawler).
[[0;32m  OK  [0m] Reached target Cloud-config availability.
[[0;32m  OK  [0m] Reached target System Initialization.
[[0;32m  OK  [0m] Listening on D-Bus System Message Bus Socket.
[[0;32m  OK  [0m] Started Daily Cleanup of Temporary Directories.
[   12.330016] cloud-init[970]: SHA256:g1Y4K6LRFReXj9Sqihh1BCbHO7gK5v7uRVpRnodsFN4 root@ubuntu-xenial
[[0;32m  OK  [0m] Started ACPI Events Check.
[[0;32m  OK  [0m] Reached target Paths.
[[0;32m  OK  [0m] Started Daily apt download activities.
[   12.345848] cloud-init[970]: The key's randomart image is:
[   12.357758] cloud-init[970]: +---[DSA 1024]----+
[[0;32m  OK  [0m] Started Daily apt upgrade and clean activities.
[[0;32m  OK  [0m] Reached target Timers.
[   12.362471] cloud-init[970]: |..+.. o=oo       |
[   12.384649] cloud-init[970]: | +. .o*o* .      |
[   12.386243] cloud-init[970]: | . o..oO.E       |
[   12.387857] cloud-init[970]: |..+.. o=+ .      |
[   12.388110] cloud-init[970]: |.ooo.o+.S        |
[   12.388917] cloud-init[970]: |++ .+o.  .       |
[   12.389344]          cloud-initStarting LXD - unix socket.[970]: 
|*o o o           |
[   12.390645] cloud-init[970]: |o.. o            |
[   12.401302] cloud-init[970]: |..++             |
[   12.403403] cloud-init[970]: +----[SHA256]-----+
[   12.404961] cloud-init[970]: Generating public/private ecdsa key pair.
[   12.405991] cloud-init[970]: Your identification has been saved in /etc/ssh/ssh_host_ecdsa_key.
[   12.408373] cloud-init[970]: Your public key has been saved in /etc/ssh/ssh_host_ecdsa_key.pub.
[[   12.411834] cloud-init[970]: The key fingerprint is:
[   12.411910] cloud-init[970]: SHA256:NhVM0GEOfrqoufijss4eVsiO4FOsIH/UV/WxmtHK+VM root@ubuntu-xenial
[   12.413054] cloud-init[970]: The key's randomart image is:
[0;32m  OK  [0m] Listening on ACPID Listen Socket.
[[   12.415174] cloud-init[970]: +---[ECDSA 256]---+
[   12.425135] cloud-init[970]: |        o==.. .  |
[   12.426412] cloud-init[970]: |       . +oo o o |
[0;32m  OK  [0m] Listening on UUID daemon activation socket.
[   12.427083] cloud-init[970]: |        . = . +  |
         [   12.431349] cloud-init[970]: |. o  .   = . *   |
[   12.432646] cloud-init[970]: |+o +. . S   *   E|
[   12.433466] cloud-init[970]: |B.+.   + o   . . |
[   12.435712] Starting Socket activation for snappy daemon.cloud-init
[970]: |.B. . . .     o  |
[[   12.436761] cloud-init[970]: |+ oo.o         . |
[   12.445758] cloud-init[970]: |+*oo=o           |
[   12.447965] cloud-init[970]: +----[SHA256]-----+
[0;32m  OK  [0m] Reached target Network is Online.
[   12.448852] cloud-init[970]: Generating public/private ed25519 key pair.
[   12.452454] cloud-init[970]: Your identification has been saved in /etc/ssh/ssh_host_ed25519_key.
[   12.455185] cloud-init[970]: Your public key has been saved in /etc/ssh/ssh_host_ed25519_key.pub.
[   12.457595] cloud-init[970]: The key fingerprint is:
[   12.459140] cloud-init[970]: SHA256:9mwRLAmzb66iQaX4D7QLm4dOdfTyaKRog1F5UukGP44 root@ubuntu-xenial
[   12.461981] cloud-init[970]: The key's randomart image is:
[   12.464431] cloud-init[970]: +--[ED25519 256]--+
[   12.466515] cloud-init[970]: |    ..o          |
[   12.468646] cloud-init[970]: |  .o.  + o       |
[   12.469400] cloud-init[970]: |  ++o.. o o      |
[   12.470133] cloud-init[970]: | o =* .. . .     |
[   12.470799] cloud-init[970]: |o += = .S .      |
[   12.471460] cloud-init[970]: |.=E.= ++ o .     |
[   12.474999] cloud-init[970]: |o*=. o .. +      |
[   12.475636] cloud-init[970]: |++o=o  . .       |
[   12.476740] cloud-init[970]: |+oo....          |
[   12.478283] cloud-init[970]: +----[SHA256]-----+
         Starting iSCSI initiator daemon (iscsid)...
[[0;32m  OK  [0m] Listening on LXD - unix socket.
[[0;32m  OK  [0m] Listening on Socket activation for snappy daemon.
[[0;32m  OK  [0m] Reached target Sockets.
[[0;32m  OK  [0m] Reached target Basic System.
[[0;32m  OK  [0m] Started ACPI event daemon.
[[0;32m  OK  [0m] Started Regular background program processing daemon.
         Starting LSB: MD monitoring daemon...
         Starting Pollinate to seed the pseudo random number generator...
         Starting Virtualbox guest utils...
[[0;32m  OK  [0m] Started D-Bus System Message Bus.
[[0;32m  OK  [0m] Started FUSE filesystem for LXC.
         Starting Login Service...
         Starting Accounts Service...
         Starting LSB: Record successful boot for GRUB...
         Starting Snappy daemon...
         Starting System Logging Service...
         Starting LXD - container startup/shutdown...
         Starting /etc/rc.local Compatibility...
[[0;32m  OK  [0m] Started Deferred execution scheduler.
[[0;32m  OK  [0m] Started /etc/rc.local Compatibility.
[[0;32m  OK  [0m] Started System Logging Service.
[[0;32m  OK  [0m] Started iSCSI initiator daemon (iscsid).
[[0;32m  OK  [0m] Started LSB: MD monitoring daemon.
[[0;32m  OK  [0m] Started LSB: Record successful boot for GRUB.
[[0;32m  OK  [0m] Started Login Service.
[[0;32m  OK  [0m] Started Unattended Upgrades Shutdown.
         Starting Authenticate and Authorize Users to Run Privileged Tasks...
         Starting Login to default iSCSI targets...
[[0;32m  OK  [0m] Started Authenticate and Authorize Users to Run Privileged Tasks.
[[0;32m  OK  [0m] Started Accounts Service.
[[0;32m  OK  [0m] Started Login to default iSCSI targets.
[[0;32m  OK  [0m] Reached target Remote File Systems (Pre).
[[0;32m  OK  [0m] Reached target Remote File Systems.
         Starting LSB: daemon to balance interrupts for SMP systems...
         Starting Permit User Sessions...
         Starting LSB: automatic crash report generation...
         Starting LSB: Set the CPU Frequency Scaling governor to "ondemand"...
[[0;32m  OK  [0m] Started LXD - container startup/shutdown.
[[0;32m  OK  [0m] Started Permit User Sessions.
[[0;32m  OK  [0m] Started Virtualbox guest utils.
         Starting Hold until boot process finishes up...
         Starting Terminate Plymouth Boot Screen...
[[0;32m  OK  [0m] Started LSB: Set the CPU Frequency Scaling governor to "ondemand".
[[0;32m  OK  [0m] Started Hold until boot process finishes up.
[[0;32m  OK  [0m] Started Terminate Plymouth Boot Screen.
[[0;32m  OK  [0m] Started LSB: daemon to balance interrupts for SMP systems.
[[0;32m  OK  [0m] Started LSB: automatic crash report generation.
[[0;32m  OK  [0m] Started Getty on tty1.
         Starting Set console scheme...
[[0;32m  OK  [0m] Started Serial Getty on ttyS0.
[[0;32m  OK  [0m] Reached target Login Prompts.
[[0;32m  OK  [0m] Started Set console scheme.
[[0;32m  OK  [0m] Started Snappy daemon.
         Starting Wait until snapd is fully seeded...
[[0;32m  OK  [0m] Started Pollinate to seed the pseudo random number generator.
         Starting OpenBSD Secure Shell server...
[[0;32m  OK  [0m] Started OpenBSD Secure Shell server.
[[0;32m  OK  [0m] Created slice User Slice of vagrant.
         Starting User Manager for UID 1000...
[[0;32m  OK  [0m] Started Session 1 of user vagrant.
[[0;32m  OK  [0m] Started User Manager for UID 1000.

Ubuntu 16.04.6 LTS ubuntu-xenial ttyS0

ubuntu-xenial login: [   44.891485] cloud-init[1867]: Generating locales (this might take a while)...
[   46.322443] cloud-init[1867]:   en_US.UTF-8... done
[   46.323543] cloud-init[1867]: Generation complete.
[   47.001123] cloud-init[1867]: Cloud-init v. 19.1-1-gbaa47854-0ubuntu1~16.04.1 running 'modules:config' at Sun, 13 Oct 2019 07:04:28 +0000. Up 44.30 seconds.
ci-info: no authorized ssh keys fingerprints found for user ubuntu.
<14>Oct 13 07:04:32 ec2: 
<14>Oct 13 07:04:32 ec2: #############################################################
<14>Oct 13 07:04:32 ec2: -----BEGIN SSH HOST KEY FINGERPRINTS-----
<14>Oct 13 07:04:32 ec2: 1024 SHA256:g1Y4K6LRFReXj9Sqihh1BCbHO7gK5v7uRVpRnodsFN4 root@ubuntu-xenial (DSA)
<14>Oct 13 07:04:32 ec2: 256 SHA256:NhVM0GEOfrqoufijss4eVsiO4FOsIH/UV/WxmtHK+VM root@ubuntu-xenial (ECDSA)
<14>Oct 13 07:04:32 ec2: 256 SHA256:9mwRLAmzb66iQaX4D7QLm4dOdfTyaKRog1F5UukGP44 root@ubuntu-xenial (ED25519)
<14>Oct 13 07:04:32 ec2: 2048 SHA256:aP0dMNkh5tE6gQjjtYs5j1ncexye9hMbD07dB7y+e7k root@ubuntu-xenial (RSA)
<14>Oct 13 07:04:32 ec2: -----END SSH HOST KEY FINGERPRINTS-----
<14>Oct 13 07:04:32 ec2: #############################################################
-----BEGIN SSH HOST KEY KEYS-----
ecdsa-sha2-nistp256 AAAAE2VjZHNhLXNoYTItbmlzdHAyNTYAAAAIbmlzdHAyNTYAAABBBMw4HUiWDo6h6FfM26scoTZoUOyRTg3ErW92BlLwKiIds8UnZBE3ZlYsJ01tBJYqTWMgp0qsfVYNo+sNKTHfnCE= root@ubuntu-xenial
ssh-ed25519 AAAAC3NzaC1lZDI1NTE5AAAAIDws8uv+T3KBvZMVZOC+HE17TGtYGppVw3Cqqpxen3wM root@ubuntu-xenial
ssh-rsa AAAAB3NzaC1yc2EAAAADAQABAAABAQDseae9no7vqmIWoWT+26/3ZvJCJ1CheRBt3kY2cutbhX9yFIa9t7br3c13n2h2EUSAN0tdfR2TiDgjLyouXjYb//AuqUu7e6RQsbWZ7elRY0+E/bp/xs2+ujqedwuNz1AC2KTZbCDlupPDXOn7t78EQ0rL+BrAKxrB7IfOTiuRK/qfdQMvDtcRWuztNk7B1j5oVhkMYEooxKu1MaczU5v3xGMGpF+srwxfLS3cQOZYncH91Q9TKydvRjmHzz/yzQpXILzOr+1R+BY1yatirONm6OD1clM2rnEAr8EmTEzgvOJ9Dk4b/1idF0smCGQBHNG5HQOMh1qp1WWinLD09EWb root@ubuntu-xenial
-----END SSH HOST KEY KEYS-----
[   48.581624] cloud-init[2045]: Cloud-init v. 19.1-1-gbaa47854-0ubuntu1~16.04.1 running 'modules:final' at Sun, 13 Oct 2019 07:04:32 +0000. Up 48.26 seconds.
[   48.584442] cloud-init[2045]: ci-info: no authorized ssh keys fingerprints found for user ubuntu.
[   48.585724] cloud-init[2045]: Cloud-init v. 19.1-1-gbaa47854-0ubuntu1~16.04.1 finished at Sun, 13 Oct 2019 07:04:32 +0000. Datasource DataSourceNoCloud [seed=/dev/sdb][dsmode=net].  Up 48.56 seconds
